<?xml version="1.0" encoding="UTF-8"?>
<!-- Generated by org.testng.reporters.JUnitReportReporter -->
<testsuite skipped="0" hostname="LAPTOP-F9VFEF6F" name="tests.TC001_CreateLead" tests="1" failures="0" timestamp="02 Sep 2018 15:45:45 GMT" time="21.491" errors="0">
  <testcase name="createLead" time="21.491" classname="tests.TC001_CreateLead"/>
</testsuite> <!-- tests.TC001_CreateLead -->
