<?xml version="1.0" encoding="UTF-8"?>
<!-- Generated by org.testng.reporters.JUnitReportReporter -->
<testsuite skipped="0" hostname="LAPTOP-F9VFEF6F" name="tests.TC002_EditLead" tests="1" failures="0" timestamp="01 Sep 2018 07:24:35 GMT" time="28.476" errors="0">
  <testcase name="createLead" time="28.476" classname="tests.TC002_EditLead"/>
</testsuite> <!-- tests.TC002_EditLead -->
