<?xml version="1.0" encoding="UTF-8"?>
<!-- Generated by org.testng.reporters.JUnitReportReporter -->
<testsuite skipped="0" hostname="LAPTOP-F9VFEF6F" name="BankTests.BankBazzarTest" tests="1" failures="0" timestamp="09 Sep 2018 07:13:58 GMT" time="60.135" errors="0">
  <testcase name="BBinvestmentsschemes" time="60.135" classname="BankTests.BankBazzarTest"/>
</testsuite> <!-- BankTests.BankBazzarTest -->
